<?xml version="1.0" encoding="UTF-8"?>
<testng-results skipped="0" failed="0" ignored="0" total="0" passed="0">
  <reporter-output>
  </reporter-output>
  <suite name="com.telecom.stepdefinition.TestRunner" duration-ms="14" started-at="2021-09-07T06:49:34Z" finished-at="2021-09-07T06:49:34Z">
    <groups>
    </groups>
    <test name="Command line test" duration-ms="14" started-at="2021-09-07T06:49:34Z" finished-at="2021-09-07T06:49:34Z">
    </test> <!-- Command line test -->
  </suite> <!-- com.telecom.stepdefinition.TestRunner -->
</testng-results>
